<?xml version="1.0" encoding="UTF-8"?>
<testsuite xmlns:xsi="http://www.w3.org/2001/XMLSchema-instance" xsi:noNamespaceSchemaLocation="https://maven.apache.org/surefire/maven-surefire-plugin/xsd/surefire-test-report-3.0.xsd" version="3.0" name="griddynamics.capstone.service.billing_service.domain.BillTest" time="0.026" tests="9" errors="0" skipped="0" failures="0">
  <properties>
[...]
</properties>
  <testcase name="getIdReturnsCorrectId" classname="griddynamics.capstone.service.billing_service.domain.BillTest" time="0.002"/>
  <testcase name="toStringReturnsCorrectString" classname="griddynamics.capstone.service.billing_service.domain.BillTest" time="0.002"/>
  <testcase name="equalsReturnsTrueForSameObject" classname="griddynamics.capstone.service.billing_service.domain.BillTest" time="0.001"/>
  <testcase name="getPatientIdReturnsCorrectPatientId" classname="griddynamics.capstone.service.billing_service.domain.BillTest" time="0.001"/>
  <testcase name="equalsReturnsFalseForDifferentObject" classname="griddynamics.capstone.service.billing_service.domain.BillTest" time="0.002"/>
  <testcase name="hashCodeReturnsSameHashCodeForSameObject" classname="griddynamics.capstone.service.billing_service.domain.BillTest" time="0.002"/>
  <testcase name="getDateReturnsCorrectDate" classname="griddynamics.capstone.service.billing_service.domain.BillTest" time="0.002"/>
  <testcase name="getStatusReturnsCorrectStatus" classname="griddynamics.capstone.service.billing_service.domain.BillTest" time="0.002"/>
  <testcase name="getTotalAmountReturnsCorrectAmount" classname="griddynamics.capstone.service.billing_service.domain.BillTest" time="0.001"/>
</testsuite>